app/build/outputs/logs/manifest-merger-debug-report.txt
-- Merging decision tree log ---
manifest
ADDED from src\main\AndroidManifest.xml:2:1-102:12
	package
		ADDED from src\main\AndroidManifest.xml:3:5-36
		INJECTED from src\main\AndroidManifest.xml
		INJECTED from src\main\AndroidManifest.xml
	android:versionName
		ADDED from src\main\AndroidManifest.xml:5:5-30
		INJECTED from src\main\AndroidManifest.xml
		INJECTED from src\main\AndroidManifest.xml
	android:versionCode
		ADDED from src\main\AndroidManifest.xml:4:5-28
		INJECTED from src\main\AndroidManifest.xml
		INJECTED from src\main\AndroidManifest.xml
	xmlns:android
		ADDED from src\main\AndroidManifest.xml:2:11-69
uses-sdk
ADDED from src\main\AndroidManifest.xml:7:5-9:11
	android:targetSdkVersion
		INJECTED from src\main\AndroidManifest.xml
		INJECTED from src\main\AndroidManifest.xml
	android:minSdkVersion
		ADDED from src\main\AndroidManifest.xml:8:9-34
		INJECTED from src\main\AndroidManifest.xml
		INJECTED from src\main\AndroidManifest.xml
uses-permission#android.permission.ACCESS_NETWORK_STATE
ADDED from src\main\AndroidManifest.xml:10:6-80
	android:name
		ADDED from src\main\AndroidManifest.xml:10:23-77
uses-permission#android.permission.INTERNET
ADDED from src\main\AndroidManifest.xml:11:6-68
	android:name
		ADDED from src\main\AndroidManifest.xml:11:23-65
uses-permission#android.permission.BLUETOOTH
ADDED from src\main\AndroidManifest.xml:14:6-69
	android:name
		ADDED from src\main\AndroidManifest.xml:14:23-66
uses-permission#android.permission.BLUETOOTH_ADMIN
ADDED from src\main\AndroidManifest.xml:15:6-75
	android:name
		ADDED from src\main\AndroidManifest.xml:15:23-72
uses-permission#android.permission.ACCESS_WIFI_STATE
ADDED from src\main\AndroidManifest.xml:16:6-77
	android:name
		ADDED from src\main\AndroidManifest.xml:16:23-74
uses-permission#android.permission.CHANGE_WIFI_MULTICAST_STATE
ADDED from src\main\AndroidManifest.xml:18:6-87
	android:name
		ADDED from src\main\AndroidManifest.xml:18:23-84
uses-permission#android.permission.CHANGE_WIFI_STATE
ADDED from src\main\AndroidManifest.xml:20:6-77
	android:name
		ADDED from src\main\AndroidManifest.xml:20:23-74
uses-permission#android.permission.READ_PHONE_STATE
ADDED from src\main\AndroidManifest.xml:21:6-76
	android:name
		ADDED from src\main\AndroidManifest.xml:21:23-73
uses-permission#android.permission.WRITE_EXTERNAL_STORAGE
ADDED from src\main\AndroidManifest.xml:22:6-82
	android:name
		ADDED from src\main\AndroidManifest.xml:22:23-79
uses-permission#android.permission.READ_EXTERNAL_STORAGE
ADDED from src\main\AndroidManifest.xml:23:3-78
	android:name
		ADDED from src\main\AndroidManifest.xml:23:20-75
uses-permission#android.permission.SEND_DOWNLOAD_COMPLETED_INTENTS
ADDED from src\main\AndroidManifest.xml:25:4-89
	android:name
		ADDED from src\main\AndroidManifest.xml:25:21-86
application
ADDED from src\main\AndroidManifest.xml:30:5-100:19
	android:label
		ADDED from src\main\AndroidManifest.xml:32:9-41
	android:icon
		ADDED from src\main\AndroidManifest.xml:31:9-45
	android:theme
		ADDED from src\main\AndroidManifest.xml:33:9-40
activity#com.grupohi.almacenv1.MainActivity
ADDED from src\main\AndroidManifest.xml:34:9-48:20
	android:label
		ADDED from src\main\AndroidManifest.xml:36:13-45
	android:name
		ADDED from src\main\AndroidManifest.xml:35:13-62
intent-filter#android.intent.action.MAIN+android.intent.category.LAUNCHER
ADDED from src\main\AndroidManifest.xml:37:13-44:29
action#android.intent.action.MAIN
ADDED from src\main\AndroidManifest.xml:38:17-69
	android:name
		ADDED from src\main\AndroidManifest.xml:38:25-66
category#android.intent.category.LAUNCHER
ADDED from src\main\AndroidManifest.xml:40:17-77
	android:name
		ADDED from src\main\AndroidManifest.xml:40:27-74
activity#com.grupohi.almacenv1.MenuDeleteActivity
ADDED from src\main\AndroidManifest.xml:49:9-51:20
	android:name
		ADDED from src\main\AndroidManifest.xml:50:13-68
activity#com.grupohi.almacenv1.MenuReimprimirActivity
ADDED from src\main\AndroidManifest.xml:52:9-54:20
	android:name
		ADDED from src\main\AndroidManifest.xml:53:13-72
activity#com.grupohi.almacenv1.FormEntradaActivity
ADDED from src\main\AndroidManifest.xml:55:9-57:20
	android:name
		ADDED from src\main\AndroidManifest.xml:56:13-69
activity#com.grupohi.almacenv1.LoginActivity
ADDED from src\main\AndroidManifest.xml:58:10-60:20
	android:name
		ADDED from src\main\AndroidManifest.xml:59:13-63
activity#com.grupohi.almacenv1.ConfigEmpresaActivity
ADDED from src\main\AndroidManifest.xml:61:9-64:20
	android:name
		ADDED from src\main\AndroidManifest.xml:62:13-71
action#android.intent.action.DOWNLOAD_COMPLETE
ADDED from src\main\AndroidManifest.xml:63:14-79
	android:name
		ADDED from src\main\AndroidManifest.xml:63:22-76
activity#com.grupohi.almacenv1.MainPrinterActivity
ADDED from src\main\AndroidManifest.xml:66:9-74:20
	android:name
		ADDED from src\main\AndroidManifest.xml:67:13-69
activity#com.grupohi.almacenv1.PrintTextActivity
ADDED from src\main\AndroidManifest.xml:75:10-77:20
	android:name
		ADDED from src\main\AndroidManifest.xml:76:13-67
activity#com.grupohi.almacenv1.FormSalidaConsumoActivity
ADDED from src\main\AndroidManifest.xml:78:10-80:20
	android:name
		ADDED from src\main\AndroidManifest.xml:79:13-75
activity#com.grupohi.almacenv1.FormSalidaTrasferenciaActivity
ADDED from src\main\AndroidManifest.xml:81:11-83:20
	android:name
		ADDED from src\main\AndroidManifest.xml:82:13-80
activity#com.grupohi.almacenv1.ReinpresionEntradasActivity
ADDED from src\main\AndroidManifest.xml:85:9-87:20
	android:name
		ADDED from src\main\AndroidManifest.xml:86:13-77
activity#com.grupohi.almacenv1.ReimpresionSalidaConsumo
ADDED from src\main\AndroidManifest.xml:88:9-91:20
	android:name
		ADDED from src\main\AndroidManifest.xml:89:13-74
activity#com.grupohi.almacenv1.ReimprimirSalidaTrasnferncia
ADDED from src\main\AndroidManifest.xml:92:10-95:20
	android:name
		ADDED from src\main\AndroidManifest.xml:93:13-78
activity#com.grupohi.almacenv1.SubirDatosActivity
ADDED from src\main\AndroidManifest.xml:96:10-99:20
	android:name
		ADDED from src\main\AndroidManifest.xml:97:13-68